mode: set
github.com/f2-go/cmd/f2/cli.go:22.103,26.44 3 0
github.com/f2-go/cmd/f2/cli.go:26.44,28.34 2 0
github.com/f2-go/cmd/f2/cli.go:28.34,31.4 2 0
github.com/f2-go/cmd/f2/cli.go:34.2,34.36 1 0
github.com/f2-go/cmd/f2/cli.go:38.75,42.2 1 0
github.com/f2-go/cmd/f2/cli.go:45.67,49.2 1 1
github.com/f2-go/cmd/f2/cli.go:52.81,56.2 1 1
github.com/f2-go/cmd/f2/cli.go:68.20,76.2 1 1
github.com/f2-go/cmd/f2/cli.go:79.85,85.28 1 1
github.com/f2-go/cmd/f2/cli.go:85.28,85.65 1 0
github.com/f2-go/cmd/f2/cli.go:90.44,91.19 1 1
github.com/f2-go/cmd/f2/cli.go:91.19,93.3 1 1
github.com/f2-go/cmd/f2/cli.go:95.2,96.17 2 1
github.com/f2-go/cmd/f2/cli.go:97.16,98.21 1 1
github.com/f2-go/cmd/f2/cli.go:98.21,100.4 1 1
github.com/f2-go/cmd/f2/cli.go:101.3,101.39 1 1
github.com/f2-go/cmd/f2/cli.go:102.14,103.21 1 1
github.com/f2-go/cmd/f2/cli.go:103.21,105.4 1 1
github.com/f2-go/cmd/f2/cli.go:106.3,106.37 1 1
github.com/f2-go/cmd/f2/cli.go:107.16,108.21 1 1
github.com/f2-go/cmd/f2/cli.go:108.21,110.4 1 1
github.com/f2-go/cmd/f2/cli.go:111.3,111.30 1 1
github.com/f2-go/cmd/f2/cli.go:112.10,114.45 1 1
github.com/f2-go/cmd/f2/cli.go:114.45,116.4 1 0
github.com/f2-go/cmd/f2/cli.go:117.3,117.94 1 1
github.com/f2-go/cmd/f2/cli.go:122.57,125.16 2 1
github.com/f2-go/cmd/f2/cli.go:125.16,127.3 1 0
github.com/f2-go/cmd/f2/cli.go:130.2,131.36 2 1
github.com/f2-go/cmd/f2/cli.go:131.36,132.25 1 1
github.com/f2-go/cmd/f2/cli.go:132.25,134.9 2 1
github.com/f2-go/cmd/f2/cli.go:138.2,138.18 1 1
github.com/f2-go/cmd/f2/cli.go:138.18,140.3 1 1
github.com/f2-go/cmd/f2/cli.go:142.2,153.60 6 1
github.com/f2-go/cmd/f2/cli.go:153.60,155.3 1 1
github.com/f2-go/cmd/f2/cli.go:158.2,161.16 4 1
github.com/f2-go/cmd/f2/cli.go:161.16,163.3 1 1
github.com/f2-go/cmd/f2/cli.go:166.2,168.16 3 1
github.com/f2-go/cmd/f2/cli.go:168.16,170.3 1 1
github.com/f2-go/cmd/f2/cli.go:173.2,173.30 1 1
github.com/f2-go/cmd/f2/cli.go:173.30,176.17 2 1
github.com/f2-go/cmd/f2/cli.go:176.17,178.4 1 0
github.com/f2-go/cmd/f2/cli.go:181.3,185.17 3 1
github.com/f2-go/cmd/f2/cli.go:185.17,187.4 1 0
github.com/f2-go/cmd/f2/cli.go:190.3,190.33 1 1
github.com/f2-go/cmd/f2/cli.go:190.33,192.18 2 1
github.com/f2-go/cmd/f2/cli.go:192.18,194.5 1 0
github.com/f2-go/cmd/f2/cli.go:199.2,202.22 3 1
github.com/f2-go/cmd/f2/cli.go:202.22,204.17 2 1
github.com/f2-go/cmd/f2/cli.go:204.17,206.4 1 0
github.com/f2-go/cmd/f2/cli.go:209.3,211.17 3 1
github.com/f2-go/cmd/f2/cli.go:211.17,213.4 1 0
github.com/f2-go/cmd/f2/cli.go:215.3,215.71 1 1
github.com/f2-go/cmd/f2/cli.go:219.2,223.12 4 1
github.com/f2-go/cmd/f2/cli.go:227.54,230.16 2 1
github.com/f2-go/cmd/f2/cli.go:230.16,232.3 1 0
github.com/f2-go/cmd/f2/cli.go:235.2,236.40 2 1
github.com/f2-go/cmd/f2/cli.go:236.40,237.28 1 1
github.com/f2-go/cmd/f2/cli.go:237.28,239.9 2 1
github.com/f2-go/cmd/f2/cli.go:243.2,243.21 1 1
github.com/f2-go/cmd/f2/cli.go:243.21,245.3 1 1
github.com/f2-go/cmd/f2/cli.go:248.2,250.32 3 1
github.com/f2-go/cmd/f2/cli.go:250.32,253.3 2 1
github.com/f2-go/cmd/f2/cli.go:254.2,260.20 5 1
github.com/f2-go/cmd/f2/cli.go:260.20,262.62 2 1
github.com/f2-go/cmd/f2/cli.go:262.62,264.4 1 1
github.com/f2-go/cmd/f2/cli.go:265.8,267.3 1 1
github.com/f2-go/cmd/f2/cli.go:270.2,271.30 2 1
github.com/f2-go/cmd/f2/cli.go:271.30,275.3 2 1
github.com/f2-go/cmd/f2/cli.go:278.2,279.32 2 1
github.com/f2-go/cmd/f2/cli.go:279.32,280.30 1 1
github.com/f2-go/cmd/f2/cli.go:280.30,282.9 2 1
github.com/f2-go/cmd/f2/cli.go:287.2,288.58 2 1
github.com/f2-go/cmd/f2/cli.go:288.58,291.3 2 1
github.com/f2-go/cmd/f2/cli.go:293.2,297.16 3 1
github.com/f2-go/cmd/f2/cli.go:297.16,299.3 1 0
github.com/f2-go/cmd/f2/cli.go:302.2,304.16 3 1
github.com/f2-go/cmd/f2/cli.go:304.16,306.3 1 0
github.com/f2-go/cmd/f2/cli.go:309.2,313.60 3 1
github.com/f2-go/cmd/f2/cli.go:313.60,315.3 1 0
github.com/f2-go/cmd/f2/cli.go:317.2,317.60 1 1
github.com/f2-go/cmd/f2/cli.go:317.60,321.17 3 1
github.com/f2-go/cmd/f2/cli.go:321.17,323.4 1 0
github.com/f2-go/cmd/f2/cli.go:326.3,327.17 2 1
github.com/f2-go/cmd/f2/cli.go:327.17,329.4 1 0
github.com/f2-go/cmd/f2/cli.go:330.3,330.76 1 1
github.com/f2-go/cmd/f2/cli.go:334.2,337.22 3 1
github.com/f2-go/cmd/f2/cli.go:337.22,339.17 2 1
github.com/f2-go/cmd/f2/cli.go:339.17,341.4 1 0
github.com/f2-go/cmd/f2/cli.go:344.3,346.17 3 1
github.com/f2-go/cmd/f2/cli.go:346.17,348.4 1 0
github.com/f2-go/cmd/f2/cli.go:350.3,350.71 1 1
github.com/f2-go/cmd/f2/cli.go:354.2,354.30 1 1
github.com/f2-go/cmd/f2/cli.go:354.30,356.17 2 1
github.com/f2-go/cmd/f2/cli.go:356.17,358.4 1 0
github.com/f2-go/cmd/f2/cli.go:361.3,368.17 5 1
github.com/f2-go/cmd/f2/cli.go:368.17,370.4 1 0
github.com/f2-go/cmd/f2/cli.go:374.2,377.27 3 1
github.com/f2-go/cmd/f2/cli.go:377.27,379.3 1 0
github.com/f2-go/cmd/f2/cli.go:381.2,382.12 2 1
github.com/f2-go/cmd/f2/cli.go:386.48,389.16 2 1
github.com/f2-go/cmd/f2/cli.go:389.16,391.3 1 0
github.com/f2-go/cmd/f2/cli.go:394.2,395.36 2 1
github.com/f2-go/cmd/f2/cli.go:395.36,396.25 1 1
github.com/f2-go/cmd/f2/cli.go:396.25,398.9 2 1
github.com/f2-go/cmd/f2/cli.go:402.2,402.18 1 1
github.com/f2-go/cmd/f2/cli.go:402.18,404.3 1 1
github.com/f2-go/cmd/f2/cli.go:407.2,409.21 3 1
github.com/f2-go/cmd/f2/cli.go:409.21,412.3 2 1
github.com/f2-go/cmd/f2/cli.go:414.2,415.42 2 1
github.com/f2-go/cmd/f2/cli.go:415.42,418.3 2 1
github.com/f2-go/cmd/f2/cli.go:421.2,422.16 2 1
github.com/f2-go/cmd/f2/cli.go:422.16,424.3 1 0
github.com/f2-go/cmd/f2/cli.go:427.2,429.16 3 1
github.com/f2-go/cmd/f2/cli.go:429.16,431.3 1 0
github.com/f2-go/cmd/f2/cli.go:434.2,435.27 2 1
github.com/f2-go/cmd/f2/cli.go:435.27,437.17 2 1
github.com/f2-go/cmd/f2/cli.go:437.17,439.4 1 1
github.com/f2-go/cmd/f2/cli.go:440.3,440.56 1 1
github.com/f2-go/cmd/f2/cli.go:444.2,450.16 5 1
github.com/f2-go/cmd/f2/cli.go:450.16,452.3 1 0
github.com/f2-go/cmd/f2/cli.go:454.2,456.12 3 1
github.com/f2-go/cmd/f2/cli.go:460.45,464.2 1 1
github.com/f2-go/cmd/f2/cli.go:467.120,470.31 2 1
github.com/f2-go/cmd/f2/cli.go:470.31,472.3 1 1
github.com/f2-go/cmd/f2/cli.go:474.2,475.16 2 1
github.com/f2-go/cmd/f2/cli.go:475.16,477.3 1 1
github.com/f2-go/cmd/f2/cli.go:479.2,481.16 3 1
github.com/f2-go/cmd/f2/cli.go:481.16,483.3 1 0
github.com/f2-go/cmd/f2/cli.go:485.2,490.30 4 1
github.com/f2-go/cmd/f2/cli.go:490.30,492.17 2 1
github.com/f2-go/cmd/f2/cli.go:492.17,494.4 1 1
github.com/f2-go/cmd/f2/cli.go:495.3,496.17 2 1
github.com/f2-go/cmd/f2/cli.go:496.17,498.4 1 1
github.com/f2-go/cmd/f2/cli.go:502.2,504.67 2 1
github.com/f2-go/cmd/f2/cli.go:508.104,515.29 4 1
github.com/f2-go/cmd/f2/cli.go:515.29,517.17 2 0
github.com/f2-go/cmd/f2/cli.go:517.17,518.12 1 0
github.com/f2-go/cmd/f2/cli.go:521.3,523.14 2 0
github.com/f2-go/cmd/f2/cli.go:523.14,526.4 2 0
github.com/f2-go/cmd/f2/cli.go:529.2,529.21 1 1
github.com/f2-go/cmd/f2/cli.go:533.53,537.16 3 1
github.com/f2-go/cmd/f2/cli.go:537.16,539.3 1 0
github.com/f2-go/cmd/f2/cli.go:541.2,541.32 1 1
github.com/f2-go/cmd/f2/cli.go:541.32,543.20 2 0
github.com/f2-go/cmd/f2/cli.go:543.20,545.4 1 0
github.com/f2-go/cmd/f2/cli.go:545.9,545.52 1 0
github.com/f2-go/cmd/f2/cli.go:545.52,547.4 1 0
github.com/f2-go/cmd/f2/cli.go:550.2,550.14 1 1
github.com/f2-go/cmd/f2/cli.go:555.49,582.39 22 1
github.com/f2-go/cmd/f2/cli.go:582.39,584.3 1 1
github.com/f2-go/cmd/f2/cli.go:587.2,593.15 3 1
github.com/f2-go/cmd/f2/cli.go:593.15,595.3 1 1
github.com/f2-go/cmd/f2/cli.go:596.2,596.17 1 0
github.com/f2-go/cmd/f2/cli.go:599.36,604.39 2 1
github.com/f2-go/cmd/f2/cli.go:604.39,606.3 1 1
github.com/f2-go/cmd/f2/cli.go:606.8,606.28 1 1
github.com/f2-go/cmd/f2/cli.go:606.28,608.3 1 1
github.com/f2-go/cmd/f2/cli.go:611.2,611.47 1 1
github.com/f2-go/cmd/f2/cli.go:611.47,613.3 1 1
github.com/f2-go/cmd/f2/cli.go:615.2,615.12 1 1
github.com/f2-go/cmd/f2/cli.go:618.61,620.29 2 1
github.com/f2-go/cmd/f2/cli.go:620.29,621.55 1 1
github.com/f2-go/cmd/f2/cli.go:621.55,623.9 2 1
github.com/f2-go/cmd/f2/cli.go:626.2,626.42 1 1
github.com/f2-go/cmd/f2/cli.go:629.73,634.20 2 1
github.com/f2-go/cmd/f2/cli.go:634.20,636.3 1 1
github.com/f2-go/cmd/f2/cli.go:638.2,640.29 2 1
github.com/f2-go/cmd/f2/cli.go:640.29,643.35 1 1
github.com/f2-go/cmd/f2/cli.go:643.35,644.21 1 1
github.com/f2-go/cmd/f2/cli.go:644.21,649.5 3 1
github.com/f2-go/cmd/f2/cli.go:649.10,651.37 1 1
github.com/f2-go/cmd/f2/cli.go:651.37,653.6 1 1
github.com/f2-go/cmd/f2/cli.go:655.4,655.19 1 1
github.com/f2-go/cmd/f2/cli.go:659.2,659.42 1 1
github.com/f2-go/cmd/f2/main.go:11.13,15.22 2 0
github.com/f2-go/cmd/f2/main.go:15.22,18.3 2 0
github.com/f2-go/cmd/f2/main.go:21.2,21.68 1 0
github.com/f2-go/cmd/f2/main.go:21.68,24.3 2 0
github.com/f2-go/cmd/f2/main.go:27.2,27.45 1 0
github.com/f2-go/cmd/f2/main.go:27.45,30.3 2 0
github.com/f2-go/cmd/f2/main.go:33.15,35.2 1 1
github.com/f2-go/cmd/f2/main.go:37.38,42.2 2 1
